<?xml version="1.0" encoding="UTF-8"?>
<!-- Generated by org.testng.reporters.JUnitReportReporter -->
<testsuite hostname="DESKTOP-SHORBUO" failures="0" tests="2" name="uo.run" time="9.887" errors="0" timestamp="2020-09-29T14:32:27 EET" skipped="0">
  <testcase classname="uo.run" name="main" time="5.304"/>
  <system-out/>
  <testcase classname="uo.run" name="wrongpass" time="4.583"/>
  <system-out/>
</testsuite> <!-- uo.run -->
