<?xml version="1.0" encoding="UTF-8"?>
<!-- Generated by org.testng.reporters.JUnitReportReporter -->
<testsuite hostname="DESKTOP-SHORBUO" failures="0" tests="1" name="uo.HomePageTest" time="0.135" errors="0" timestamp="2020-08-17T13:58:19 EET" skipped="0">
  <testcase classname="uo.HomePageTest" name="CheckHomaPageItemCount" time="0.135"/>
  <system-out/>
</testsuite> <!-- uo.HomePageTest -->
