<?xml version="1.0" encoding="UTF-8"?>
<!-- Generated by org.testng.reporters.JUnitReportReporter -->
<testsuite hostname="DESKTOP-SHORBUO" failures="0" tests="1" name="uo.ContactusTest" time="105.733" errors="0" timestamp="2020-08-18T16:33:48 EET" skipped="0">
  <testcase classname="uo.ContactusTest" name="testcontacttest" time="105.733"/>
  <system-out/>
</testsuite> <!-- uo.ContactusTest -->
